<?xml version="1.0" encoding="UTF-8"?>
<testng-results ignored="0" total="1" passed="1" failed="0" skipped="0">
  <reporter-output>
  </reporter-output>
  <suite started-at="2022-03-10T22:31:55 IST" name="com.qa.test.resources.loginPageTest" finished-at="2022-03-10T22:31:59 IST" duration-ms="3530">
    <groups>
    </groups>
    <test started-at="2022-03-10T22:31:55 IST" name="Command line test" finished-at="2022-03-10T22:31:59 IST" duration-ms="3530">
      <class name="com.qa.test.resources.loginPageTest">
        <test-method is-config="true" signature="setup()[pri:0, instance:com.qa.test.resources.loginPageTest@639c2c1d]" started-at="2022-03-10T22:31:55 IST" name="setup" finished-at="2022-03-10T22:31:58 IST" duration-ms="3226" status="PASS">
          <reporter-output>
          </reporter-output>
        </test-method> <!-- setup -->
        <test-method signature="login()[pri:0, instance:com.qa.test.resources.loginPageTest@639c2c1d]" started-at="2022-03-10T22:31:58 IST" name="login" finished-at="2022-03-10T22:31:58 IST" duration-ms="20" status="PASS">
          <reporter-output>
          </reporter-output>
        </test-method> <!-- login -->
        <test-method is-config="true" signature="teardown()[pri:0, instance:com.qa.test.resources.loginPageTest@639c2c1d]" started-at="2022-03-10T22:31:58 IST" name="teardown" finished-at="2022-03-10T22:31:59 IST" duration-ms="247" status="PASS">
          <reporter-output>
          </reporter-output>
        </test-method> <!-- teardown -->
      </class> <!-- com.qa.test.resources.loginPageTest -->
    </test> <!-- Command line test -->
  </suite> <!-- com.qa.test.resources.loginPageTest -->
</testng-results>
